<?xml version="1.0" encoding="UTF-8"?>
<!-- Generated by org.testng.reporters.JUnitReportReporter -->
<testsuite skipped="0" hostname="Chandita-PC" name="mavenproject.Test1" tests="1" failures="0" timestamp="08 May 2019 05:21:07 GMT" time="0.000" errors="0">
  <testcase name="Road" time="0.000" classname="mavenproject.Test1"/>
</testsuite> <!-- mavenproject.Test1 -->
